npm verbose cli C:\Program Files\nodejs\node.exe C:\Users\Balaji\AppData\Roaming\npm\node_modules\npm\bin\npm-cli.js
npm info using npm@10.8.3
npm info using node@v22.5.1
npm verbose title npm install
npm verbose argv "install" "--legacy-peer-deps" "--loglevel" "verbose"
npm verbose logfile logs-max:10 dir:C:\Users\Balaji\AppData\Local\npm-cache\_logs\2024-10-16T14_37_20_335Z-
npm verbose logfile C:\Users\Balaji\AppData\Local\npm-cache\_logs\2024-10-16T14_37_20_335Z-debug-0.log
npm http fetch GET 200 https://registry.npmjs.org/browserstack-cypress-cli 1775ms (cache revalidated)
npm http fetch GET 200 https://registry.npmjs.org/cypress 128ms (cache revalidated)
npm http fetch GET 200 https://registry.npmjs.org/fs-extra 366ms (cache revalidated)
npm http fetch GET 200 https://registry.npmjs.org/mocha 392ms (cache revalidated)
npm http fetch GET 200 https://registry.npmjs.org/chalk 440ms (cache revalidated)
npm http fetch GET 200 https://registry.npmjs.org/glob 440ms (cache revalidated)
npm http fetch GET 200 https://registry.npmjs.org/archiver 450ms (cache revalidated)
npm http fetch GET 200 https://registry.npmjs.org/request 448ms (cache revalidated)
npm http fetch GET 200 https://registry.npmjs.org/async 458ms (cache revalidated)
npm http fetch GET 200 https://registry.npmjs.org/gitconfiglocal 459ms (cache revalidated)
npm http fetch GET 200 https://registry.npmjs.org/cli-progress 463ms (cache revalidated)
npm http fetch GET 200 https://registry.npmjs.org/requestretry 123ms (cache revalidated)
npm http fetch GET 200 https://registry.npmjs.org/tmp 83ms (cache revalidated)
npm http fetch GET 200 https://registry.npmjs.org/decompress 120ms (cache revalidated)
npm http fetch GET 200 https://registry.npmjs.org/update-notifier 145ms (cache revalidated)
npm http fetch GET 200 https://registry.npmjs.org/winston 137ms (cache revalidated)
npm http fetch GET 200 https://registry.npmjs.org/yargs 141ms (cache revalidated)
npm http fetch GET 200 https://registry.npmjs.org/table 199ms (cache revalidated)
npm http fetch GET 200 https://registry.npmjs.org/uuid 177ms (cache revalidated)
npm http fetch GET 200 https://registry.npmjs.org/windows-release 178ms (cache revalidated)
npm http fetch GET 200 https://registry.npmjs.org/dayjs 125ms (cache revalidated)
npm http fetch GET 200 https://registry.npmjs.org/debug 129ms (cache revalidated)
npm http fetch GET 200 https://registry.npmjs.org/arch 141ms (cache revalidated)
npm http fetch GET 200 https://registry.npmjs.org/getos 116ms (cache revalidated)
npm http fetch GET 200 https://registry.npmjs.org/is-ci 104ms (cache revalidated)
npm http fetch GET 200 https://registry.npmjs.org/execa 135ms (cache revalidated)
npm http fetch GET 200 https://registry.npmjs.org/yauzl 107ms (cache revalidated)
npm http fetch GET 200 https://registry.npmjs.org/buffer 107ms (cache revalidated)
npm http fetch GET 200 https://registry.npmjs.org/mkdirp 808ms (cache revalidated)
npm http fetch GET 200 https://registry.npmjs.org/semver 121ms (cache revalidated)
npm http fetch GET 200 https://registry.npmjs.org/figures 133ms (cache revalidated)
npm http fetch GET 200 https://registry.npmjs.org/ospath 142ms (cache revalidated)
npm http fetch GET 200 https://registry.npmjs.org/process 133ms (cache revalidated)
npm http fetch GET 200 https://registry.npmjs.org/lodash 147ms (cache revalidated)
npm http fetch GET 200 https://registry.npmjs.org/bluebird 137ms (cache revalidated)
npm http fetch GET 200 https://registry.npmjs.org/cachedir 135ms (cache revalidated)
npm http fetch GET 200 https://registry.npmjs.org/listr2 167ms (cache revalidated)
npm http fetch GET 200 https://registry.npmjs.org/commander 127ms (cache revalidated)
npm http fetch GET 200 https://registry.npmjs.org/executable 123ms (cache revalidated)
npm http fetch GET 200 https://registry.npmjs.org/cli-cursor 135ms (cache revalidated)
npm http fetch GET 200 https://registry.npmjs.org/blob-util 148ms (cache revalidated)
npm http fetch GET 200 https://registry.npmjs.org/lazy-ass 161ms (cache revalidated)
npm http fetch GET 200 https://registry.npmjs.org/minimist 152ms (cache revalidated)
npm http fetch GET 200 https://registry.npmjs.org/cli-table3 140ms (cache revalidated)
npm http fetch GET 200 https://registry.npmjs.org/untildify 156ms (cache revalidated)
npm http fetch GET 200 https://registry.npmjs.org/browserstack-local 1033ms (cache revalidated)
npm http fetch GET 200 https://registry.npmjs.org/git-repo-info 1117ms (cache revalidated)
npm http fetch GET 200 https://registry.npmjs.org/log-symbols 124ms (cache revalidated)
npm http fetch GET 200 https://registry.npmjs.org/common-tags 138ms (cache revalidated)
npm http fetch GET 200 https://registry.npmjs.org/proxy-from-env 120ms (cache revalidated)
npm http fetch GET 200 https://registry.npmjs.org/pretty-bytes 133ms (cache revalidated)
npm http fetch GET 200 https://registry.npmjs.org/@types%2fsizzle 142ms (cache revalidated)
npm http fetch GET 200 https://registry.npmjs.org/extract-zip 150ms (cache revalidated)
npm http fetch GET 200 https://registry.npmjs.org/eventemitter2 143ms (cache revalidated)
npm http fetch GET 200 https://registry.npmjs.org/supports-color 136ms (cache revalidated)
npm http fetch GET 200 https://registry.npmjs.org/@cypress%2fxvfb 158ms (cache revalidated)
npm http fetch GET 200 https://registry.npmjs.org/git-last-commit 1236ms (cache revalidated)
npm http fetch GET 200 https://registry.npmjs.org/getmac 1259ms (cache revalidated)
npm http fetch GET 200 https://registry.npmjs.org/is-installed-globally 127ms (cache revalidated)
npm http fetch GET 200 https://registry.npmjs.org/request-progress 135ms (cache revalidated)
npm http fetch GET 200 https://registry.npmjs.org/enquirer 465ms (cache revalidated)
npm http fetch GET 200 https://registry.npmjs.org/@types%2fsinonjs__fake-timers 137ms (cache revalidated)
npm http fetch GET 200 https://registry.npmjs.org/check-more-types 148ms (cache revalidated)
npm http fetch GET 200 https://registry.npmjs.org/@cypress%2frequest 317ms (cache revalidated)
npm http fetch GET 200 https://registry.npmjs.org/unzipper 977ms (cache revalidated)
npm http fetch GET 200 https://registry.npmjs.org/node-ipc 2142ms (cache revalidated)
npm http fetch GET 200 https://registry.npmjs.org/readdir-glob 119ms (cache revalidated)
npm http fetch GET 200 https://registry.npmjs.org/archiver-utils 124ms (cache revalidated)
npm http fetch GET 200 https://registry.npmjs.org/buffer-crc32 127ms (cache revalidated)
npm http fetch GET 200 https://registry.npmjs.org/ansi-styles 132ms (cache revalidated)
npm http fetch GET 200 https://registry.npmjs.org/agent-base 140ms (cache revalidated)
npm http fetch GET 200 https://registry.npmjs.org/zip-stream 143ms (cache revalidated)
npm http fetch GET 200 https://registry.npmjs.org/https-proxy-agent 146ms (cache revalidated)
npm http fetch GET 200 https://registry.npmjs.org/decompress-tar 147ms (cache revalidated)
npm http fetch GET 200 https://registry.npmjs.org/tar-stream 153ms (cache revalidated)
npm http fetch GET 200 https://registry.npmjs.org/ps-tree 172ms (cache revalidated)
npm http fetch GET 200 https://registry.npmjs.org/readable-stream 178ms (cache revalidated)
npm http fetch GET 200 https://registry.npmjs.org/jsonfile 110ms (cache revalidated)
npm http fetch GET 200 https://registry.npmjs.org/pify 118ms (cache revalidated)
npm http fetch GET 200 https://registry.npmjs.org/graceful-fs 134ms (cache revalidated)
npm http fetch GET 200 https://registry.npmjs.org/universalify 112ms (cache revalidated)
npm http fetch GET 200 https://registry.npmjs.org/graceful-fs 120ms (cache revalidated)
npm http fetch GET 200 https://registry.npmjs.org/make-dir 143ms (cache revalidated)
npm http fetch GET 200 https://registry.npmjs.org/@types%2fnode 129ms (cache revalidated)
npm http fetch GET 200 https://registry.npmjs.org/ini 221ms (cache revalidated)
npm http fetch GET 200 https://registry.npmjs.org/inflight 149ms (cache revalidated)
npm http fetch GET 200 https://registry.npmjs.org/minimatch 144ms (cache revalidated)
npm http fetch GET 200 https://registry.npmjs.org/once 156ms (cache revalidated)
npm http fetch GET 200 https://registry.npmjs.org/fs.realpath 149ms (cache revalidated)
npm http fetch GET 200 https://registry.npmjs.org/inherits 161ms (cache revalidated)
npm http fetch GET 200 https://registry.npmjs.org/path-is-absolute 151ms (cache revalidated)
npm http fetch GET 200 https://registry.npmjs.org/string-width 492ms (cache revalidated)
npm http fetch GET 200 https://registry.npmjs.org/ansi-colors 119ms (cache revalidated)
npm http fetch GET 200 https://registry.npmjs.org/chokidar 111ms (cache revalidated)
npm http fetch GET 200 https://registry.npmjs.org/escape-string-regexp 113ms (cache revalidated)
npm http fetch GET 200 https://registry.npmjs.org/diff 116ms (cache revalidated)
npm http fetch GET 200 https://registry.npmjs.org/he 110ms (cache revalidated)
npm http fetch GET 200 https://registry.npmjs.org/find-up 116ms (cache revalidated)
npm http fetch GET 200 https://registry.npmjs.org/js-yaml 114ms (cache revalidated)
npm http fetch GET 200 https://registry.npmjs.org/yargs 23ms (cache hit)
npm http fetch GET 200 https://registry.npmjs.org/browser-stdout 161ms (cache revalidated)
npm http fetch GET 200 https://registry.npmjs.org/ms 134ms (cache revalidated)
npm http fetch GET 200 https://registry.npmjs.org/yargs-unparser 110ms (cache revalidated)
npm http fetch GET 200 https://registry.npmjs.org/strip-json-comments 127ms (cache revalidated)
npm http fetch GET 200 https://registry.npmjs.org/js-queue 110ms (cache revalidated)
npm http fetch GET 200 https://registry.npmjs.org/workerpool 129ms (cache revalidated)
npm http fetch GET 200 https://registry.npmjs.org/serialize-javascript 142ms (cache revalidated)
npm http fetch GET 200 https://registry.npmjs.org/yargs-parser 129ms (cache revalidated)
npm http fetch GET 200 https://registry.npmjs.org/extend 104ms (cache revalidated)
npm http fetch GET 200 https://registry.npmjs.org/aws-sign2 100ms (cache revalidated)
npm http fetch GET 200 https://registry.npmjs.org/isstream 104ms (cache revalidated)
npm http fetch GET 200 https://registry.npmjs.org/aws4 121ms (cache revalidated)
npm http fetch GET 200 https://registry.npmjs.org/caseless 116ms (cache revalidated)
npm http fetch GET 200 https://registry.npmjs.org/form-data 110ms (cache revalidated)
npm http fetch GET 200 https://registry.npmjs.org/qs 154ms (cache revalidated)
npm http fetch GET 200 https://registry.npmjs.org/mime-types 109ms (cache revalidated)
npm http fetch GET 200 https://registry.npmjs.org/oauth-sign 115ms (cache revalidated)
npm http fetch GET 200 https://registry.npmjs.org/safe-buffer 114ms (cache revalidated)
npm http fetch GET 200 https://registry.npmjs.org/tough-cookie 108ms (cache revalidated)
npm http fetch GET 200 https://registry.npmjs.org/forever-agent 105ms (cache revalidated)
npm http fetch GET 200 https://registry.npmjs.org/tunnel-agent 112ms (cache revalidated)
npm http fetch GET 200 https://registry.npmjs.org/har-validator 133ms (cache revalidated)
npm http fetch GET 200 https://registry.npmjs.org/is-running 967ms (cache revalidated)
npm http fetch GET 200 https://registry.npmjs.org/decompress-tarbz2 966ms (cache revalidated)
npm http fetch GET 200 https://registry.npmjs.org/is-typedarray 105ms (cache revalidated)
npm http fetch GET 200 https://registry.npmjs.org/http-signature 111ms (cache revalidated)
npm http fetch GET 200 https://registry.npmjs.org/performance-now 110ms (cache revalidated)
npm http fetch GET 200 https://registry.npmjs.org/combined-stream 113ms (cache revalidated)
npm http fetch GET 200 https://registry.npmjs.org/ajv 108ms (cache revalidated)
npm http fetch GET 200 https://registry.npmjs.org/js-message 445ms (cache revalidated)
npm http fetch GET 200 https://registry.npmjs.org/json-stringify-safe 125ms (cache revalidated)
npm http fetch GET 200 https://registry.npmjs.org/temp-fs 1014ms (cache revalidated)
npm http fetch GET 200 https://registry.npmjs.org/pupa 104ms (cache revalidated)
npm http fetch GET 200 https://registry.npmjs.org/duplexer2 113ms (cache revalidated)
npm http fetch GET 200 https://registry.npmjs.org/node-int64 126ms (cache revalidated)
npm http fetch GET 200 https://registry.npmjs.org/slice-ansi 180ms (cache revalidated)
npm http fetch GET 200 https://registry.npmjs.org/semver-diff 125ms (cache revalidated)
npm http fetch GET 200 https://registry.npmjs.org/decompress-unzip 1017ms (cache revalidated)
npm http fetch GET 200 https://registry.npmjs.org/decompress-targz 1025ms (cache revalidated)
npm http fetch GET 200 https://registry.npmjs.org/boxen 154ms (cache revalidated)
npm http fetch GET 200 https://registry.npmjs.org/is-npm 155ms (cache revalidated)
npm http fetch GET 200 https://registry.npmjs.org/configstore 150ms (cache revalidated)
npm http fetch GET 200 https://registry.npmjs.org/strip-dirs 1015ms (cache revalidated)
npm http fetch GET 200 https://registry.npmjs.org/xdg-basedir 171ms (cache revalidated)
npm http fetch GET 200 https://registry.npmjs.org/import-lazy 187ms (cache revalidated)
npm http fetch GET 200 https://registry.npmjs.org/latest-version 117ms (cache revalidated)
npm http fetch GET 200 https://registry.npmjs.org/cycle 114ms (cache revalidated)
npm http fetch GET 200 https://registry.npmjs.org/colors 130ms (cache revalidated)
npm http fetch GET 200 https://registry.npmjs.org/y18n 126ms (cache revalidated)
npm http fetch GET 200 https://registry.npmjs.org/which-module 115ms (cache revalidated)
npm http fetch GET 200 https://registry.npmjs.org/stack-trace 133ms (cache revalidated)
npm http fetch GET 200 https://registry.npmjs.org/get-caller-file 121ms (cache revalidated)
npm http fetch GET 200 https://registry.npmjs.org/decamelize 133ms (cache revalidated)
npm http fetch GET 200 https://registry.npmjs.org/set-blocking 132ms (cache revalidated)
npm http fetch GET 200 https://registry.npmjs.org/cliui 139ms (cache revalidated)
npm http fetch GET 200 https://registry.npmjs.org/require-main-filename 93ms (cache revalidated)
npm http fetch GET 200 https://registry.npmjs.org/require-directory 144ms (cache revalidated)
npm http fetch GET 200 https://registry.npmjs.org/is-in-ci 427ms (cache revalidated)
npm http fetch GET 200 https://registry.npmjs.org/event-pubsub 939ms (cache revalidated)
npm http fetch GET 200 https://registry.npmjs.org/eyes 961ms (cache revalidated)
npm http fetch GET 200 https://registry.npmjs.org/util-deprecate 138ms (cache revalidated)
npm http fetch GET 200 https://registry.npmjs.org/lodash.defaults 147ms (cache revalidated)
npm http fetch GET 200 https://registry.npmjs.org/lazystream 157ms (cache revalidated)
npm http fetch GET 200 https://registry.npmjs.org/bl 157ms (cache revalidated)
npm http fetch GET 200 https://registry.npmjs.org/lodash.isplainobject 161ms (cache revalidated)
npm http fetch GET 200 https://registry.npmjs.org/end-of-stream 163ms (cache revalidated)
npm http fetch GET 200 https://registry.npmjs.org/lodash.union 166ms (cache revalidated)
npm http fetch GET 200 https://registry.npmjs.org/compress-commons 163ms (cache revalidated)
npm http fetch GET 200 https://registry.npmjs.org/string_decoder 169ms (cache revalidated)
npm http fetch GET 200 https://registry.npmjs.org/lodash.difference 173ms (cache revalidated)
npm http fetch GET 200 https://registry.npmjs.org/normalize-path 180ms (cache revalidated)
npm http fetch GET 200 https://registry.npmjs.org/lodash.flatten 186ms (cache revalidated)
npm http fetch GET 200 https://registry.npmjs.org/fs-constants 202ms (cache revalidated)
npm http fetch GET 200 https://registry.npmjs.org/isarray 126ms (cache revalidated)
npm http fetch GET 200 https://registry.npmjs.org/process-nextick-args 127ms (cache revalidated)
npm http fetch GET 200 https://registry.npmjs.org/core-util-is 129ms (cache revalidated)
npm http fetch GET 200 https://registry.npmjs.org/rimraf 123ms (cache revalidated)
npm http fetch GET 200 https://registry.npmjs.org/event-stream 140ms (cache revalidated)
npm http fetch GET 200 https://registry.npmjs.org/has-flag 131ms (cache revalidated)
npm http fetch GET 200 https://registry.npmjs.org/color-convert 131ms (cache revalidated)
npm http fetch GET 200 https://registry.npmjs.org/color-name 125ms (cache revalidated)
npm http fetch GET 200 https://registry.npmjs.org/emoji-regex 100ms (cache revalidated)
npm http fetch GET 200 https://registry.npmjs.org/strip-ansi 104ms (cache revalidated)
npm http fetch GET 200 https://registry.npmjs.org/is-fullwidth-code-point 107ms (cache revalidated)
npm http fetch GET 200 https://registry.npmjs.org/onetime 114ms (cache revalidated)
npm http fetch GET 200 https://registry.npmjs.org/lodash.once 121ms (cache revalidated)
npm http fetch GET 200 https://registry.npmjs.org/signal-exit 126ms (cache revalidated)
npm http fetch GET 200 https://registry.npmjs.org/npm-run-path 127ms (cache revalidated)
npm http fetch GET 200 https://registry.npmjs.org/cross-spawn 130ms (cache revalidated)
npm http fetch GET 200 https://registry.npmjs.org/is-stream 132ms (cache revalidated)
npm http fetch GET 200 https://registry.npmjs.org/get-stream 139ms (cache revalidated)
npm http fetch GET 200 https://registry.npmjs.org/get-stream 137ms (cache revalidated)
npm http fetch GET 200 https://registry.npmjs.org/merge-stream 141ms (cache revalidated)
npm http fetch GET 200 https://registry.npmjs.org/human-signals 141ms (cache revalidated)
npm http fetch GET 200 https://registry.npmjs.org/strip-final-newline 145ms (cache revalidated)
npm http fetch GET 200 https://registry.npmjs.org/ieee754 162ms (cache revalidated)
npm http fetch GET 200 https://registry.npmjs.org/base64-js 166ms (cache revalidated)
npm http fetch GET 200 https://registry.npmjs.org/at-least-node 116ms (cache revalidated)
npm http fetch GET 200 https://registry.npmjs.org/ci-info 120ms (cache revalidated)
npm http fetch GET 200 https://registry.npmjs.org/global-dirs 121ms (cache revalidated)
npm http fetch GET 200 https://registry.npmjs.org/@types%2fyauzl 139ms (cache revalidated)
npm http fetch GET 200 https://registry.npmjs.org/colorette 110ms (cache revalidated)
npm http fetch GET 200 https://registry.npmjs.org/is-path-inside 124ms (cache revalidated)
npm http fetch GET 200 https://registry.npmjs.org/rfdc 124ms (cache revalidated)
npm http fetch GET 200 https://registry.npmjs.org/wrap-ansi 109ms (cache revalidated)
npm http fetch GET 200 https://registry.npmjs.org/through 117ms (cache revalidated)
npm http fetch GET 200 https://registry.npmjs.org/rxjs 123ms (cache revalidated)
npm http fetch GET 200 https://registry.npmjs.org/p-map 130ms (cache revalidated)
npm http fetch GET 200 https://registry.npmjs.org/@colors%2fcolors 281ms (cache revalidated)
npm http fetch GET 200 https://registry.npmjs.org/cli-truncate 148ms (cache revalidated)
npm http fetch GET 200 https://registry.npmjs.org/is-unicode-supported 116ms (cache revalidated)
npm http fetch GET 200 https://registry.npmjs.org/throttleit 117ms (cache revalidated)
npm http fetch GET 200 https://registry.npmjs.org/fd-slicer 123ms (cache revalidated)
npm http fetch GET 200 https://registry.npmjs.org/restore-cursor 491ms (cache revalidated)
npm http fetch GET 200 https://registry.npmjs.org/log-update 472ms (cache revalidated)
npm http fetch GET 200 https://registry.npmjs.org/asynckit 134ms (cache revalidated)
npm http fetch GET 200 https://registry.npmjs.org/side-channel 134ms (cache revalidated)
npm http fetch GET 200 https://registry.npmjs.org/punycode 135ms (cache revalidated)
npm http fetch GET 200 https://registry.npmjs.org/psl 136ms (cache revalidated)
npm http fetch GET 200 https://registry.npmjs.org/delayed-stream 142ms (cache revalidated)
npm http fetch GET 200 https://registry.npmjs.org/sshpk 142ms (cache revalidated)
npm http fetch GET 200 https://registry.npmjs.org/assert-plus 145ms (cache revalidated)
npm http fetch GET 200 https://registry.npmjs.org/jsprim 146ms (cache revalidated)
npm http fetch GET 200 https://registry.npmjs.org/mime-db 157ms (cache revalidated)
npm http fetch GET 200 https://registry.npmjs.org/url-parse 190ms (cache revalidated)
npm http fetch GET 200 https://registry.npmjs.org/file-type 142ms (cache revalidated)
npm http fetch GET 200 https://registry.npmjs.org/unbzip2-stream 151ms (cache revalidated)
npm http fetch GET 200 https://registry.npmjs.org/file-type 152ms (cache revalidated)
npm http fetch GET 200 https://registry.npmjs.org/file-type 159ms (cache revalidated)
npm http fetch GET 200 https://registry.npmjs.org/seek-bzip 165ms (cache revalidated)
npm http fetch GET 200 https://registry.npmjs.org/file-type 166ms (cache revalidated)
npm http fetch GET 200 https://registry.npmjs.org/is-natural-number 927ms (cache revalidated)
npm http fetch GET 200 https://registry.npmjs.org/xtend 108ms (cache revalidated)
npm http fetch GET 200 https://registry.npmjs.org/buffer-alloc 117ms (cache revalidated)
npm http fetch GET 200 https://registry.npmjs.org/to-buffer 118ms (cache revalidated)
npm http fetch GET 200 https://registry.npmjs.org/object-assign 114ms (cache revalidated)
npm http fetch GET 200 https://registry.npmjs.org/pinkie-promise 115ms (cache revalidated)
npm http fetch GET 200 https://registry.npmjs.org/ansi-regex 104ms (cache revalidated)
npm http fetch GET 200 https://registry.npmjs.org/shebang-command 128ms (cache revalidated)
npm http fetch GET 200 https://registry.npmjs.org/pump 137ms (cache revalidated)
npm http fetch GET 200 https://registry.npmjs.org/which 138ms (cache revalidated)
npm http fetch GET 200 https://registry.npmjs.org/path-key 139ms (cache revalidated)
npm http fetch GET 200 https://registry.npmjs.org/mimic-fn 145ms (cache revalidated)
npm http fetch GET 200 https://registry.npmjs.org/path-key 518ms (cache revalidated)
npm http fetch GET 200 https://registry.npmjs.org/shebang-regex 165ms (cache revalidated)
npm http fetch GET 200 https://registry.npmjs.org/isexe 504ms (cache revalidated)
npm http fetch GET 200 https://registry.npmjs.org/@types%2fnode 24ms (cache hit)
npm http fetch GET 200 https://registry.npmjs.org/undici-types 105ms (cache revalidated)
npm http fetch GET 200 https://registry.npmjs.org/pinkie 128ms (cache revalidated)
npm http fetch GET 200 https://registry.npmjs.org/brace-expansion 134ms (cache revalidated)
npm http fetch GET 200 https://registry.npmjs.org/wrappy 136ms (cache revalidated)
npm http fetch GET 200 https://registry.npmjs.org/wrappy 138ms (cache revalidated)
npm http fetch GET 200 https://registry.npmjs.org/verror 121ms (cache revalidated)
npm http fetch GET 200 https://registry.npmjs.org/json-schema 123ms (cache revalidated)
npm http fetch GET 200 https://registry.npmjs.org/tweetnacl 120ms (cache revalidated)
npm http fetch GET 200 https://registry.npmjs.org/ecc-jsbn 122ms (cache revalidated)
npm http fetch GET 200 https://registry.npmjs.org/dashdash 126ms (cache revalidated)
npm http fetch GET 200 https://registry.npmjs.org/extsprintf 132ms (cache revalidated)
npm http fetch GET 200 https://registry.npmjs.org/jsbn 130ms (cache revalidated)
npm http fetch GET 200 https://registry.npmjs.org/bcrypt-pbkdf 132ms (cache revalidated)
npm http fetch GET 200 https://registry.npmjs.org/asn1 172ms (cache revalidated)
npm http fetch GET 200 https://registry.npmjs.org/getpass 180ms (cache revalidated)
npm http fetch GET 200 https://registry.npmjs.org/safer-buffer 1194ms (cache revalidated)
npm http fetch GET 200 https://registry.npmjs.org/aggregate-error 130ms (cache revalidated)
npm http fetch GET 200 https://registry.npmjs.org/tslib 131ms (cache revalidated)
npm http fetch GET 200 https://registry.npmjs.org/ansi-escapes 132ms (cache revalidated)
npm http fetch GET 200 https://registry.npmjs.org/astral-regex 120ms (cache revalidated)
npm http fetch GET 200 https://registry.npmjs.org/type-fest 112ms (cache revalidated)
npm http fetch GET 200 https://registry.npmjs.org/balanced-match 119ms (cache revalidated)
npm http fetch GET 200 https://registry.npmjs.org/concat-map 132ms (cache revalidated)
npm http fetch GET 200 https://registry.npmjs.org/is-glob 135ms (cache revalidated)
npm http fetch GET 200 https://registry.npmjs.org/randombytes 135ms (cache revalidated)
npm http fetch GET 200 https://registry.npmjs.org/path-exists 137ms (cache revalidated)
npm http fetch GET 200 https://registry.npmjs.org/argparse 138ms (cache revalidated)
npm http fetch GET 200 https://registry.npmjs.org/flat 133ms (cache revalidated)
npm http fetch GET 200 https://registry.npmjs.org/fsevents 143ms (cache revalidated)
npm http fetch GET 200 https://registry.npmjs.org/braces 149ms (cache revalidated)
npm http fetch GET 200 https://registry.npmjs.org/glob-parent 151ms (cache revalidated)
npm http fetch GET 200 https://registry.npmjs.org/locate-path 151ms (cache revalidated)
npm http fetch GET 200 https://registry.npmjs.org/escalade 149ms (cache revalidated)
npm http fetch GET 200 https://registry.npmjs.org/is-plain-obj 146ms (cache revalidated)
npm http fetch GET 200 https://registry.npmjs.org/camelcase 150ms (cache revalidated)
npm http fetch GET 200 https://registry.npmjs.org/anymatch 168ms (cache revalidated)
npm http fetch GET 200 https://registry.npmjs.org/is-binary-path 175ms (cache revalidated)
npm http fetch GET 200 https://registry.npmjs.org/readdirp 646ms (cache revalidated)
npm http fetch GET 200 https://registry.npmjs.org/is-extglob 133ms (cache revalidated)
npm http fetch GET 200 https://registry.npmjs.org/fill-range 136ms (cache revalidated)
npm http fetch GET 200 https://registry.npmjs.org/picomatch 139ms (cache revalidated)
npm http fetch GET 200 https://registry.npmjs.org/binary-extensions 142ms (cache revalidated)
npm http fetch GET 200 https://registry.npmjs.org/picomatch 154ms (cache revalidated)
npm http fetch GET 200 https://registry.npmjs.org/to-regex-range 119ms (cache revalidated)
npm http fetch GET 200 https://registry.npmjs.org/is-number 117ms (cache revalidated)
npm http fetch GET 200 https://registry.npmjs.org/p-locate 102ms (cache revalidated)
npm http fetch GET 200 https://registry.npmjs.org/p-limit 102ms (cache revalidated)
npm http fetch GET 200 https://registry.npmjs.org/easy-stack 929ms (cache revalidated)
npm http fetch GET 200 https://registry.npmjs.org/yocto-queue 139ms (cache revalidated)
npm http fetch GET 200 https://registry.npmjs.org/indent-string 118ms (cache revalidated)
npm http fetch GET 200 https://registry.npmjs.org/clean-stack 172ms (cache revalidated)
npm http fetch GET 200 https://registry.npmjs.org/stream-combiner 122ms (cache revalidated)
npm http fetch GET 200 https://registry.npmjs.org/pause-stream 125ms (cache revalidated)
npm http fetch GET 200 https://registry.npmjs.org/split 127ms (cache revalidated)
npm http fetch GET 200 https://registry.npmjs.org/duplexer 133ms (cache revalidated)
npm http fetch GET 200 https://registry.npmjs.org/map-stream 166ms (cache revalidated)
npm http fetch GET 200 https://registry.npmjs.org/from 1530ms (cache revalidated)
npm http fetch GET 200 https://registry.npmjs.org/es-errors 114ms (cache revalidated)
npm http fetch GET 200 https://registry.npmjs.org/object-inspect 114ms (cache revalidated)
npm http fetch GET 200 https://registry.npmjs.org/call-bind 117ms (cache revalidated)
npm http fetch GET 200 https://registry.npmjs.org/get-intrinsic 118ms (cache revalidated)
npm http fetch GET 200 https://registry.npmjs.org/ajv 12ms (cache hit)
npm http fetch GET 200 https://registry.npmjs.org/har-schema 97ms (cache revalidated)
npm http fetch GET 200 https://registry.npmjs.org/fast-json-stable-stringify 112ms (cache revalidated)
npm http fetch GET 200 https://registry.npmjs.org/uri-js 117ms (cache revalidated)
npm http fetch GET 200 https://registry.npmjs.org/json-schema-traverse 121ms (cache revalidated)
npm http fetch GET 200 https://registry.npmjs.org/fast-deep-equal 157ms (cache revalidated)
npm http fetch GET 200 https://registry.npmjs.org/function-bind 114ms (cache revalidated)
npm http fetch GET 200 https://registry.npmjs.org/set-function-length 127ms (cache revalidated)
npm http fetch GET 200 https://registry.npmjs.org/has-proto 127ms (cache revalidated)
npm http fetch GET 200 https://registry.npmjs.org/function-bind 137ms (cache revalidated)
npm http fetch GET 200 https://registry.npmjs.org/es-define-property 168ms (cache revalidated)
npm http fetch GET 200 https://registry.npmjs.org/has-symbols 168ms (cache revalidated)
npm http fetch GET 200 https://registry.npmjs.org/hasown 171ms (cache revalidated)
npm http fetch GET 200 https://registry.npmjs.org/define-data-property 107ms (cache revalidated)
npm http fetch GET 200 https://registry.npmjs.org/has-property-descriptors 109ms (cache revalidated)
npm http fetch GET 200 https://registry.npmjs.org/gopd 123ms (cache revalidated)
npm http fetch GET 200 https://registry.npmjs.org/requires-port 108ms (cache revalidated)
npm http fetch GET 200 https://registry.npmjs.org/querystringify 115ms (cache revalidated)
npm http fetch GET 200 https://registry.npmjs.org/widest-line 126ms (cache revalidated)
npm http fetch GET 200 https://registry.npmjs.org/cli-boxes 130ms (cache revalidated)
npm http fetch GET 200 https://registry.npmjs.org/write-file-atomic 130ms (cache revalidated)
npm http fetch GET 200 https://registry.npmjs.org/package-json 133ms (cache revalidated)
npm http fetch GET 200 https://registry.npmjs.org/ansi-align 135ms (cache revalidated)
npm http fetch GET 200 https://registry.npmjs.org/dot-prop 136ms (cache revalidated)
npm http fetch GET 200 https://registry.npmjs.org/escape-goat 151ms (cache revalidated)
npm http fetch GET 200 https://registry.npmjs.org/unique-string 165ms (cache revalidated)
npm http fetch GET 200 https://registry.npmjs.org/eastasianwidth 144ms (cache revalidated)
npm http fetch GET 200 https://registry.npmjs.org/crypto-random-string 135ms (cache revalidated)
npm http fetch GET 200 https://registry.npmjs.org/is-obj 137ms (cache revalidated)
npm http fetch GET 200 https://registry.npmjs.org/imurmurhash 144ms (cache revalidated)
npm http fetch GET 200 https://registry.npmjs.org/typedarray-to-buffer 163ms (cache revalidated)
npm http fetch GET 200 https://registry.npmjs.org/registry-url 119ms (cache revalidated)
npm http fetch GET 200 https://registry.npmjs.org/registry-auth-token 120ms (cache revalidated)
npm http fetch GET 200 https://registry.npmjs.org/got 123ms (cache revalidated)
npm http fetch GET 200 https://registry.npmjs.org/responselike 125ms (cache revalidated)
npm http fetch GET 200 https://registry.npmjs.org/p-cancelable 126ms (cache revalidated)
npm http fetch GET 200 https://registry.npmjs.org/rc 125ms (cache revalidated)
npm http fetch GET 200 https://registry.npmjs.org/cacheable-lookup 128ms (cache revalidated)
npm http fetch GET 200 https://registry.npmjs.org/lowercase-keys 131ms (cache revalidated)
npm http fetch GET 200 https://registry.npmjs.org/decompress-response 136ms (cache revalidated)
npm http fetch GET 200 https://registry.npmjs.org/cacheable-request 140ms (cache revalidated)
npm http fetch GET 200 https://registry.npmjs.org/@sindresorhus%2fis 143ms (cache revalidated)
npm http fetch GET 200 https://registry.npmjs.org/form-data-encoder 166ms (cache revalidated)
npm http fetch GET 200 https://registry.npmjs.org/@szmarczak%2fhttp-timer 180ms (cache revalidated)
npm http fetch GET 200 https://registry.npmjs.org/@pnpm%2fnpm-conf 354ms (cache revalidated)
npm http fetch GET 200 https://registry.npmjs.org/http2-wrapper 964ms (cache revalidated)
npm http fetch GET 200 https://registry.npmjs.org/mimic-response 105ms (cache revalidated)
npm http fetch GET 200 https://registry.npmjs.org/defer-to-connect 107ms (cache revalidated)
npm http fetch GET 200 https://registry.npmjs.org/resolve-alpn 116ms (cache revalidated)
npm http fetch GET 200 https://registry.npmjs.org/normalize-url 117ms (cache revalidated)
npm http fetch GET 200 https://registry.npmjs.org/quick-lru 120ms (cache revalidated)
npm http fetch GET 200 https://registry.npmjs.org/http-cache-semantics 124ms (cache revalidated)
npm http fetch GET 200 https://registry.npmjs.org/mimic-response 125ms (cache revalidated)
npm http fetch GET 200 https://registry.npmjs.org/keyv 136ms (cache revalidated)
npm http fetch GET 200 https://registry.npmjs.org/@types%2fhttp-cache-semantics 973ms (cache revalidated)
npm http fetch GET 200 https://registry.npmjs.org/json-buffer 147ms (cache revalidated)
npm http fetch GET 200 https://registry.npmjs.org/config-chain 123ms (cache revalidated)
npm http fetch GET 200 https://registry.npmjs.org/@pnpm%2fnetwork.ca-file 356ms (cache revalidated)
npm http fetch GET 200 https://registry.npmjs.org/@pnpm%2fconfig.env-replace 366ms (cache revalidated)
npm http fetch GET 200 https://registry.npmjs.org/proto-list 524ms (cache revalidated)
npm http fetch GET 200 https://registry.npmjs.org/deep-extend 132ms (cache revalidated)
npm http fetch GET 200 https://registry.npmjs.org/pend 145ms (cache revalidated)
npm http fetch GET 200 https://registry.npmjs.org/crc32-stream 117ms (cache revalidated)
npm http fetch GET 200 https://registry.npmjs.org/crc-32 114ms (cache revalidated)
npm http fetch GET 200 https://registry.npmjs.org/buffer-alloc-unsafe 131ms (cache revalidated)
npm http fetch GET 200 https://registry.npmjs.org/buffer-fill 131ms (cache revalidated)
npm http fetch GET 200 https://registry.npmjs.org/p-try 131ms (cache revalidated)
npm verbose reify failed optional dependency D:\Cypress\New folder\Framework\tmpBstackPackages\node_modules\fsevents
npm http fetch POST 200 https://registry.npmjs.org/-/npm/v1/security/advisories/bulk 604ms
npm warn deprecated inflight@1.0.6: This module is not supported, and leaks memory. Do not use it. Check out lru-cache if you want a good and tested way to coalesce async requests by a key value, which is much more comprehensive and powerful.
npm warn deprecated rimraf@2.5.4: Rimraf versions prior to v4 are no longer supported
npm warn deprecated har-validator@5.1.5: this library is no longer supported
npm warn deprecated glob@7.2.3: Glob versions prior to v9 are no longer supported
npm warn deprecated glob@8.1.0: Glob versions prior to v9 are no longer supported
npm http fetch GET 200 https://registry.npmjs.org/request 451ms (cache revalidated)
npm http fetch GET 200 https://registry.npmjs.org/tough-cookie 454ms (cache revalidated)
npm warn deprecated uuid@3.4.0: Please upgrade  to version 7 or higher.  Older versions may use Math.random() in certain circumstances, which is known to be problematic.  See https://v8.dev/blog/math-random for details.
npm warn deprecated request@2.88.2: request has been deprecated, see https://github.com/request/request/issues/3142
npm http fetch GET 200 https://registry.npmjs.org/browserstack-cypress-cli 1009ms (cache revalidated)
npm info run cypress@13.15.0 postinstall node_modules/cypress node index.js --exec install
npm info run cypress@13.15.0 postinstall { code: 0, signal: null }

added 469 packages, and audited 470 packages in 28s

94 packages are looking for funding
  run `npm fund` for details

3 moderate severity vulnerabilities

To address all issues (including breaking changes), run:
  npm audit fix --force

Run `npm audit` for details.
npm verbose cwd D:\Cypress\New folder\Framework\tmpBstackPackages
npm verbose os Windows_NT 10.0.22631
npm verbose node v22.5.1
npm verbose npm  v10.8.3
npm verbose exit 0
npm info ok
